<?xml version="1.0" encoding="UTF-8"?>
<!-- Generated by org.testng.reporters.JUnitReportReporter -->
<testsuite hostname="Techie" failures="0" tests="1" name="com.narottam.testcases.Freecrm" time="4.511" errors="0" timestamp="2024-08-01T20:58:50 IST" skipped="0">
  <testcase classname="com.narottam.testcases.Freecrm" name="loginapp" time="4.511"/>
</testsuite> <!-- com.narottam.testcases.Freecrm -->
